TN:
SF:src/services/store.ts
FN:33,useDispatch
FNF:1
FNH:0
FNDA:0,useDispatch
DA:1,1
DA:2,1
DA:3,1
DA:4,1
DA:5,1
DA:6,1
DA:7,1
DA:8,1
DA:9,1
DA:10,1
DA:11,1
DA:12,1
DA:13,1
DA:14,1
DA:15,1
DA:16,1
DA:17,1
DA:18,1
DA:19,1
DA:20,1
DA:21,1
DA:22,1
DA:23,1
DA:24,1
DA:25,1
DA:26,1
DA:27,1
DA:28,1
DA:29,1
DA:30,1
DA:31,1
DA:32,1
DA:33,1
DA:34,1
DA:35,1
DA:36,1
LF:36
LH:36
BRF:0
BRH:0
end_of_record
TN:
SF:src/slices/ConstructorSlice.ts
FN:21,reducer
FN:28,prepare
FN:34,removeIngredients
FN:40,clearIngredients
FN:45,changeIngredientsOrder
FN:53,getIngredientsSelector
FN:64,getConstructorItems
FNF:7
FNH:5
FNDA:4,reducer
FNDA:4,prepare
FNDA:1,removeIngredients
FNDA:1,clearIngredients
FNDA:1,changeIngredientsOrder
FNDA:0,getIngredientsSelector
FNDA:0,getConstructorItems
DA:1,1
DA:2,1
DA:3,1
DA:4,1
DA:5,1
DA:6,1
DA:7,1
DA:8,1
DA:9,1
DA:10,1
DA:11,1
DA:12,1
DA:13,1
DA:14,1
DA:15,1
DA:16,1
DA:17,1
DA:18,1
DA:19,1
DA:20,1
DA:21,1
DA:22,4
DA:23,1
DA:24,4
DA:25,3
DA:26,3
DA:27,1
DA:28,1
DA:29,4
DA:30,4
DA:31,4
DA:32,1
DA:33,1
DA:34,1
DA:35,1
DA:36,1
DA:37,1
DA:38,1
DA:39,1
DA:40,1
DA:41,1
DA:42,1
DA:43,1
DA:44,1
DA:45,1
DA:46,1
DA:47,1
DA:48,1
DA:49,1
DA:50,1
DA:51,1
DA:52,1
DA:53,1
DA:54,1
DA:55,1
DA:56,1
DA:57,1
DA:58,1
DA:59,1
DA:60,1
DA:61,1
DA:62,1
DA:63,1
DA:64,1
DA:65,0
LF:65
LH:64
BRDA:21,0,0,4
BRDA:22,1,0,1
BRDA:24,2,0,3
BRDA:28,3,0,4
BRDA:34,4,0,1
BRDA:36,5,0,2
BRDA:40,6,0,1
BRDA:45,7,0,1
BRF:8
BRH:8
end_of_record
TN:
SF:src/slices/FeedsSlice.ts
FN:27,extraReducers
FNF:1
FNH:1
FNDA:2,extraReducers
DA:1,1
DA:2,1
DA:3,1
DA:4,1
DA:5,1
DA:6,1
DA:7,1
DA:8,1
DA:9,1
DA:10,1
DA:11,1
DA:12,1
DA:13,1
DA:14,1
DA:15,1
DA:16,1
DA:17,1
DA:18,1
DA:19,0
DA:20,0
DA:21,1
DA:22,1
DA:23,1
DA:24,1
DA:25,1
DA:26,1
DA:27,1
DA:28,2
DA:29,2
DA:30,1
DA:31,1
DA:32,2
DA:33,2
DA:34,1
DA:35,1
DA:36,1
DA:37,1
DA:38,2
DA:39,2
DA:40,1
DA:41,1
DA:42,2
DA:43,2
DA:44,1
DA:45,1
DA:46,1
LF:46
LH:44
BRDA:27,0,0,2
BRDA:29,1,0,1
BRDA:33,2,0,1
BRDA:39,3,0,1
BRDA:41,4,0,0
BRF:5
BRH:4
end_of_record
TN:
SF:src/slices/IngredientsSlice.ts
FN:30,setSelectedIngredient
FN:33,clearSelectedIngredient
FN:37,extraReducers
FNF:3
FNH:3
FNDA:1,setSelectedIngredient
FNDA:1,clearSelectedIngredient
FNDA:1,extraReducers
DA:1,1
DA:2,1
DA:3,1
DA:4,1
DA:5,1
DA:6,1
DA:7,1
DA:8,1
DA:9,1
DA:10,1
DA:11,1
DA:12,1
DA:13,1
DA:14,1
DA:15,1
DA:16,1
DA:17,1
DA:18,1
DA:19,1
DA:20,1
DA:21,0
DA:22,0
DA:23,0
DA:24,1
DA:25,1
DA:26,1
DA:27,1
DA:28,1
DA:29,1
DA:30,1
DA:31,1
DA:32,1
DA:33,1
DA:34,1
DA:35,1
DA:36,1
DA:37,1
DA:38,1
DA:39,1
DA:40,1
DA:41,1
DA:42,1
DA:43,1
DA:44,1
DA:45,1
DA:46,1
DA:47,1
DA:48,1
DA:49,1
DA:50,1
DA:51,1
DA:52,1
DA:53,1
DA:54,1
DA:55,1
LF:55
LH:52
BRDA:30,0,0,1
BRDA:33,1,0,1
BRDA:37,2,0,1
BRDA:39,3,0,1
BRDA:43,4,0,1
BRDA:47,5,0,1
BRDA:49,6,0,0
BRF:7
BRH:6
end_of_record
TN:
SF:src/slices/OrderSlice.ts
FN:44,setCurrentOrder
FN:47,clearCurrentOrder
FN:50,clearData
FN:57,extraReducers
FN:89,getOrder
FN:90,getOrderLoading
FNF:6
FNH:4
FNDA:1,setCurrentOrder
FNDA:1,clearCurrentOrder
FNDA:1,clearData
FNDA:2,extraReducers
FNDA:0,getOrder
FNDA:0,getOrderLoading
DA:1,1
DA:2,1
DA:3,1
DA:4,1
DA:5,1
DA:6,1
DA:7,1
DA:8,1
DA:9,1
DA:10,1
DA:11,1
DA:12,1
DA:13,1
DA:14,1
DA:15,1
DA:16,1
DA:17,1
DA:18,1
DA:19,1
DA:20,1
DA:21,1
DA:22,1
DA:23,1
DA:24,1
DA:25,1
DA:26,1
DA:27,0
DA:28,0
DA:29,0
DA:30,1
DA:31,1
DA:32,1
DA:33,1
DA:34,1
DA:35,0
DA:36,0
DA:37,0
DA:38,1
DA:39,1
DA:40,1
DA:41,1
DA:42,1
DA:43,1
DA:44,1
DA:45,1
DA:46,1
DA:47,1
DA:48,1
DA:49,1
DA:50,1
DA:51,1
DA:52,1
DA:53,1
DA:54,1
DA:55,1
DA:56,1
DA:57,1
DA:58,2
DA:59,2
DA:60,1
DA:61,1
DA:62,2
DA:63,2
DA:64,1
DA:65,1
DA:66,2
DA:67,2
DA:68,1
DA:69,1
DA:70,2
DA:71,2
DA:72,1
DA:73,1
DA:74,2
DA:75,2
DA:76,1
DA:77,1
DA:78,1
DA:79,2
DA:80,2
DA:81,1
DA:82,1
DA:83,2
DA:84,2
DA:85,1
DA:86,1
DA:87,1
DA:88,1
DA:89,1
DA:90,1
DA:91,1
LF:91
LH:85
BRDA:44,0,0,1
BRDA:47,1,0,1
BRDA:50,2,0,1
BRDA:57,3,0,2
BRDA:59,4,0,1
BRDA:63,5,0,1
BRDA:67,6,0,1
BRDA:69,7,0,0
BRDA:71,8,0,1
BRDA:75,9,0,1
BRDA:80,10,0,1
BRDA:82,11,0,0
BRF:12
BRH:10
end_of_record
TN:
SF:src/slices/UserSlice.ts
FN:90,logout
FN:96,authCheck
FN:100,extraReducers
FN:187,getUser
FN:188,getIsAuthChecked
FNF:5
FNH:3
FNDA:1,logout
FNDA:1,authCheck
FNDA:2,extraReducers
FNDA:0,getUser
FNDA:0,getIsAuthChecked
DA:1,1
DA:2,1
DA:3,1
DA:4,1
DA:5,1
DA:6,1
DA:7,1
DA:8,1
DA:9,1
DA:10,1
DA:11,1
DA:12,1
DA:13,1
DA:14,1
DA:15,1
DA:16,1
DA:17,1
DA:18,1
DA:19,1
DA:20,1
DA:21,1
DA:22,1
DA:23,1
DA:24,1
DA:25,1
DA:26,1
DA:27,1
DA:28,1
DA:29,1
DA:30,1
DA:31,1
DA:32,1
DA:33,1
DA:34,0
DA:35,0
DA:36,0
DA:37,0
DA:38,0
DA:39,1
DA:40,1
DA:41,1
DA:42,1
DA:43,1
DA:44,0
DA:45,0
DA:46,0
DA:47,0
DA:48,0
DA:49,1
DA:50,1
DA:51,1
DA:52,0
DA:53,0
DA:54,1
DA:55,1
DA:56,1
DA:57,1
DA:58,1
DA:59,0
DA:60,0
DA:61,0
DA:62,1
DA:63,1
DA:64,1
DA:65,1
DA:66,1
DA:67,0
DA:68,0
DA:69,0
DA:70,1
DA:71,1
DA:72,1
DA:73,1
DA:74,1
DA:75,0
DA:76,0
DA:77,0
DA:78,1
DA:79,1
DA:80,1
DA:81,0
DA:82,0
DA:83,0
DA:84,1
DA:85,1
DA:86,1
DA:87,1
DA:88,1
DA:89,1
DA:90,1
DA:91,1
DA:92,1
DA:93,1
DA:94,1
DA:95,1
DA:96,1
DA:97,1
DA:98,1
DA:99,1
DA:100,1
DA:101,2
DA:102,2
DA:103,1
DA:104,2
DA:105,2
DA:106,1
DA:107,1
DA:108,1
DA:109,2
DA:110,2
DA:111,1
DA:112,1
DA:113,2
DA:114,2
DA:115,1
DA:116,2
DA:117,2
DA:118,1
DA:119,1
DA:120,1
DA:121,2
DA:122,2
DA:123,1
DA:124,1
DA:125,2
DA:126,2
DA:127,1
DA:128,2
DA:129,2
DA:130,1
DA:131,1
DA:132,1
DA:133,2
DA:134,2
DA:135,1
DA:136,1
DA:137,1
DA:138,2
DA:139,2
DA:140,1
DA:141,2
DA:142,2
DA:143,1
DA:144,2
DA:145,2
DA:146,1
DA:147,1
DA:148,2
DA:149,2
DA:150,1
DA:151,2
DA:152,2
DA:153,1
DA:154,2
DA:155,2
DA:156,1
DA:157,1
DA:158,1
DA:159,2
DA:160,2
DA:161,1
DA:162,2
DA:163,2
DA:164,1
DA:165,1
DA:166,2
DA:167,2
DA:168,1
DA:169,1
DA:170,2
DA:171,2
DA:172,1
DA:173,2
DA:174,2
DA:175,1
DA:176,1
DA:177,1
DA:178,2
DA:179,2
DA:180,1
DA:181,1
DA:182,2
DA:183,2
DA:184,1
DA:185,1
DA:186,1
DA:187,1
DA:188,1
DA:189,1
DA:190,1
DA:191,1
DA:192,1
LF:192
LH:168
BRDA:90,0,0,1
BRDA:96,1,0,1
BRDA:100,2,0,2
BRDA:102,3,0,1
BRDA:105,4,0,1
BRDA:110,5,0,1
BRDA:112,6,0,0
BRDA:114,7,0,1
BRDA:117,8,0,1
BRDA:122,9,0,1
BRDA:124,10,0,0
BRDA:126,11,0,1
BRDA:129,12,0,1
BRDA:134,13,0,1
BRDA:136,14,0,0
BRDA:139,15,0,1
BRDA:142,16,0,1
BRDA:145,17,0,1
BRDA:147,18,0,0
BRDA:149,19,0,1
BRDA:152,20,0,1
BRDA:155,21,0,1
BRDA:158,22,0,0
BRDA:160,23,0,1
BRDA:163,24,0,1
BRDA:167,25,0,1
BRDA:169,26,0,0
BRDA:171,27,0,1
BRDA:174,28,0,1
BRDA:179,29,0,1
BRDA:181,30,0,0
BRF:31
BRH:24
end_of_record
TN:
SF:src/slices/passwordSlice.ts
FN:32,extraReducers
FNF:1
FNH:1
FNDA:2,extraReducers
DA:1,1
DA:2,1
DA:3,1
DA:4,1
DA:5,1
DA:6,1
DA:7,1
DA:8,1
DA:9,1
DA:10,1
DA:11,1
DA:12,1
DA:13,1
DA:14,1
DA:15,1
DA:16,1
DA:17,0
DA:18,0
DA:19,1
DA:20,1
DA:21,1
DA:22,1
DA:23,1
DA:24,0
DA:25,0
DA:26,1
DA:27,1
DA:28,1
DA:29,1
DA:30,1
DA:31,1
DA:32,1
DA:33,2
DA:34,2
DA:35,1
DA:36,1
DA:37,2
DA:38,2
DA:39,1
DA:40,2
DA:41,2
DA:42,1
DA:43,1
DA:44,2
DA:45,2
DA:46,1
DA:47,1
DA:48,2
DA:49,2
DA:50,1
DA:51,2
DA:52,2
DA:53,1
DA:54,1
DA:55,2
DA:56,2
DA:57,1
DA:58,1
DA:59,1
LF:59
LH:55
BRDA:32,0,0,2
BRDA:34,1,0,1
BRDA:38,2,0,1
BRDA:41,3,0,1
BRDA:45,4,0,1
BRDA:49,5,0,1
BRDA:52,6,0,1
BRF:7
BRH:7
end_of_record
TN:
SF:src/slices/profileOrdersSlice.ts
FN:28,extraReducers
FNF:1
FNH:1
FNDA:2,extraReducers
DA:1,1
DA:2,1
DA:3,1
DA:4,1
DA:5,1
DA:6,1
DA:7,1
DA:8,1
DA:9,1
DA:10,1
DA:11,1
DA:12,1
DA:13,1
DA:14,1
DA:15,1
DA:16,1
DA:17,1
DA:18,1
DA:19,1
DA:20,0
DA:21,0
DA:22,0
DA:23,1
DA:24,1
DA:25,1
DA:26,1
DA:27,1
DA:28,1
DA:29,2
DA:30,2
DA:31,1
DA:32,1
DA:33,2
DA:34,2
DA:35,1
DA:36,1
DA:37,2
DA:38,2
DA:39,1
DA:40,1
DA:41,2
DA:42,2
DA:43,1
DA:44,1
DA:45,1
LF:45
LH:42
BRDA:28,0,0,2
BRDA:30,1,0,1
BRDA:34,2,0,1
BRDA:38,3,0,1
BRDA:40,4,0,0
BRF:5
BRH:4
end_of_record
TN:
SF:src/utils/burger-api.ts
FN:6,checkResponse
FN:18,refreshToken
FN:38,fetchWithRefresh
FN:74,getIngredientsApi
FN:82,getFeedsApi
FN:90,getOrdersApi
FN:107,orderBurgerApi
FN:126,getOrderByNumberApi
FN:146,registerUserApi
FN:165,loginUserApi
FN:179,forgotPasswordApi
FN:193,resetPasswordApi
FN:209,getUserApi
FN:216,updateUserApi
FN:226,logoutApi
FNF:15
FNH:0
FNDA:0,checkResponse
FNDA:0,refreshToken
FNDA:0,fetchWithRefresh
FNDA:0,getIngredientsApi
FNDA:0,getFeedsApi
FNDA:0,getOrdersApi
FNDA:0,orderBurgerApi
FNDA:0,getOrderByNumberApi
FNDA:0,registerUserApi
FNDA:0,loginUserApi
FNDA:0,forgotPasswordApi
FNDA:0,resetPasswordApi
FNDA:0,getUserApi
FNDA:0,updateUserApi
FNDA:0,logoutApi
DA:1,1
DA:2,1
DA:3,1
DA:4,1
DA:5,1
DA:6,1
DA:7,0
DA:8,1
DA:9,1
DA:10,1
DA:11,1
DA:12,1
DA:13,1
DA:14,1
DA:15,1
DA:16,1
DA:17,1
DA:18,1
DA:19,0
DA:20,0
DA:21,0
DA:22,0
DA:23,0
DA:24,0
DA:25,0
DA:26,0
DA:27,0
DA:28,0
DA:29,0
DA:30,0
DA:31,0
DA:32,0
DA:33,0
DA:34,0
DA:35,0
DA:36,0
DA:37,1
DA:38,1
DA:39,0
DA:40,0
DA:41,0
DA:42,0
DA:43,0
DA:44,0
DA:45,0
DA:46,0
DA:47,0
DA:48,0
DA:49,0
DA:50,0
DA:51,0
DA:52,0
DA:53,0
DA:54,0
DA:55,0
DA:56,0
DA:57,0
DA:58,0
DA:59,1
DA:60,1
DA:61,1
DA:62,1
DA:63,1
DA:64,1
DA:65,1
DA:66,1
DA:67,1
DA:68,1
DA:69,1
DA:70,1
DA:71,1
DA:72,1
DA:73,1
DA:74,1
DA:75,0
DA:76,0
DA:77,0
DA:78,0
DA:79,0
DA:80,0
DA:81,1
DA:82,1
DA:83,0
DA:84,0
DA:85,0
DA:86,0
DA:87,0
DA:88,0
DA:89,1
DA:90,1
DA:91,0
DA:92,0
DA:93,0
DA:94,0
DA:95,0
DA:96,0
DA:97,0
DA:98,0
DA:99,0
DA:100,0
DA:101,1
DA:102,1
DA:103,1
DA:104,1
DA:105,1
DA:106,1
DA:107,1
DA:108,0
DA:109,0
DA:110,0
DA:111,0
DA:112,0
DA:113,0
DA:114,0
DA:115,0
DA:116,0
DA:117,0
DA:118,0
DA:119,0
DA:120,0
DA:121,1
DA:122,1
DA:123,1
DA:124,1
DA:125,1
DA:126,1
DA:127,0
DA:128,0
DA:129,0
DA:130,0
DA:131,0
DA:132,0
DA:133,1
DA:134,1
DA:135,1
DA:136,1
DA:137,1
DA:138,1
DA:139,1
DA:140,1
DA:141,1
DA:142,1
DA:143,1
DA:144,1
DA:145,1
DA:146,1
DA:147,0
DA:148,0
DA:149,0
DA:150,0
DA:151,0
DA:152,0
DA:153,0
DA:154,0
DA:155,0
DA:156,0
DA:157,0
DA:158,0
DA:159,1
DA:160,1
DA:161,1
DA:162,1
DA:163,1
DA:164,1
DA:165,1
DA:166,0
DA:167,0
DA:168,0
DA:169,0
DA:170,0
DA:171,0
DA:172,0
DA:173,0
DA:174,0
DA:175,0
DA:176,0
DA:177,0
DA:178,1
DA:179,1
DA:180,0
DA:181,0
DA:182,0
DA:183,0
DA:184,0
DA:185,0
DA:186,0
DA:187,0
DA:188,0
DA:189,0
DA:190,0
DA:191,0
DA:192,1
DA:193,1
DA:194,0
DA:195,0
DA:196,0
DA:197,0
DA:198,0
DA:199,0
DA:200,0
DA:201,0
DA:202,0
DA:203,0
DA:204,0
DA:205,0
DA:206,1
DA:207,1
DA:208,1
DA:209,1
DA:210,0
DA:211,0
DA:212,0
DA:213,0
DA:214,0
DA:215,1
DA:216,1
DA:217,0
DA:218,0
DA:219,0
DA:220,0
DA:221,0
DA:222,0
DA:223,0
DA:224,0
DA:225,1
DA:226,1
DA:227,0
DA:228,0
DA:229,0
DA:230,0
DA:231,0
DA:232,0
DA:233,0
DA:234,0
DA:235,0
LF:235
LH:85
BRF:0
BRH:0
end_of_record
TN:
SF:src/utils/cookie.ts
FN:1,getCookie
FN:13,setCookie
FN:45,deleteCookie
FNF:3
FNH:0
FNDA:0,getCookie
FNDA:0,setCookie
FNDA:0,deleteCookie
DA:1,0
DA:2,0
DA:3,0
DA:4,0
DA:5,0
DA:6,0
DA:7,0
DA:8,0
DA:9,0
DA:10,0
DA:11,0
DA:12,1
DA:13,0
DA:14,0
DA:15,0
DA:16,0
DA:17,0
DA:18,0
DA:19,0
DA:20,0
DA:21,0
DA:22,0
DA:23,0
DA:24,0
DA:25,0
DA:26,0
DA:27,0
DA:28,0
DA:29,0
DA:30,0
DA:31,0
DA:32,0
DA:33,0
DA:34,0
DA:35,0
DA:36,0
DA:37,0
DA:38,0
DA:39,0
DA:40,0
DA:41,0
DA:42,0
DA:43,0
DA:44,1
DA:45,0
DA:46,0
DA:47,0
LF:47
LH:2
BRF:0
BRH:0
end_of_record
